<?xml version="1.0" encoding="UTF-8"?>
<!-- Generated by org.testng.reporters.JUnitReportReporter -->
<testsuite hostname="DESKTOP-51S8IMU" failures="0" tests="1" name="TestCases.LoginTest" time="2.509" errors="0" timestamp="2024-08-09T11:58:16 IST" skipped="0">
  <testcase classname="TestCases.LoginTest" name="logintest" time="2.509"/>
</testsuite> <!-- TestCases.LoginTest -->
