<?xml version="1.0" encoding="UTF-8"?>
<!-- Generated by org.testng.reporters.JUnitReportReporter -->
<testsuite hostname="DESKTOP-51S8IMU" failures="0" tests="2" name="TestCases.FinalTest" time="5.654" errors="0" timestamp="2024-08-10T12:11:28 IST" skipped="0">
  <testcase classname="TestCases.FinalTest" name="logintest" time="1.623"/>
  <testcase classname="TestCases.FinalTest" name="registertest" time="4.031"/>
</testsuite> <!-- TestCases.FinalTest -->
