<?xml version="1.0" encoding="UTF-8"?>
<!-- Generated by org.testng.reporters.JUnitReportReporter -->
<testsuite hostname="DESKTOP-51S8IMU" failures="0" tests="1" name="TestCases.RegesterTest" time="7.158" errors="0" timestamp="2024-08-09T16:59:24 IST" skipped="0">
  <testcase classname="TestCases.RegesterTest" name="registertest" time="7.158"/>
</testsuite> <!-- TestCases.RegesterTest -->
